# JRE version: OpenJDK Runtime Environment (11.0.10) (build 11.0.10+0-b96-7249189)
# Java VM: OpenJDK 64-Bit Server VM (11.0.10+0-b96-7249189, mixed mode, tiered, compressed oops, g1 gc, windows-amd64)
Heap:
 garbage-first heap   total 1028096K, used 277575K [0x0000000080000000, 0x0000000100000000)
  region size 1024K, 3 young (3072K), 3 survivors (3072K)
 Metaspace       used 152356K, capacity 157316K, committed 157436K, reserved 1185792K
  class space    used 18548K, capacity 20319K, committed 20352K, reserved 1048576K
GC Heap History (20 events):
Event: 7962.190 GC heap after
{Heap after GC invocations=293 (full 0):
 garbage-first heap   total 609280K, used 211158K [0x0000000080000000, 0x0000000100000000)
  region size 1024K, 3 young (3072K), 3 survivors (3072K)
 Metaspace       used 152104K, capacity 157056K, committed 157180K, reserved 1185792K
  class space    used 18548K, capacity 20319K, committed 20352K, reserved 1048576K
}
Event: 7963.186 GC heap before
{Heap before GC invocations=293 (full 0):
 garbage-first heap   total 609280K, used 237782K [0x0000000080000000, 0x0000000100000000)
  region size 1024K, 29 young (29696K), 3 survivors (3072K)
 Metaspace       used 152118K, capacity 157056K, committed 157180K, reserved 1185792K
  class space    used 18548K, capacity 20319K, committed 20352K, reserved 1048576K
}
Event: 7963.216 GC heap after
{Heap after GC invocations=294 (full 0):
 garbage-first heap   total 609280K, used 211281K [0x0000000080000000, 0x0000000100000000)
  region size 1024K, 1 young (1024K), 1 survivors (1024K)
 Metaspace       used 152118K, capacity 157056K, committed 157180K, reserved 1185792K
  class space    used 18548K, capacity 20319K, committed 20352K, reserved 1048576K
}
Event: 7965.437 GC heap before
{Heap before GC invocations=294 (full 0):
 garbage-first heap   total 609280K, used 255313K [0x0000000080000000, 0x0000000100000000)
  region size 1024K, 30 young (30720K), 1 survivors (1024K)
 Metaspace       used 152125K, capacity 157057K, committed 157180K, reserved 1185792K
  class space    used 18548K, capacity 20319K, committed 20352K, reserved 1048576K
}
Event: 7965.466 GC heap after
{Heap after GC invocations=295 (full 0):
 garbage-first heap   total 609280K, used 214645K [0x0000000080000000, 0x0000000100000000)
  region size 1024K, 4 young (4096K), 4 survivors (4096K)
 Metaspace       used 152125K, capacity 157057K, committed 157180K, reserved 1185792K
  class space    used 18548K, capacity 20319K, committed 20352K, reserved 1048576K
}
Event: 7966.651 GC heap before
{Heap before GC invocations=295 (full 0):
 garbage-first heap   total 609280K, used 240245K [0x0000000080000000, 0x0000000100000000)
  region size 1024K, 29 young (29696K), 4 survivors (4096K)
 Metaspace       used 152126K, capacity 157057K, committed 157180K, reserved 1185792K
  class space    used 18548K, capacity 20319K, committed 20352K, reserved 1048576K
}
Event: 7966.668 GC heap after
{Heap after GC invocations=296 (full 0):
 garbage-first heap   total 609280K, used 214238K [0x0000000080000000, 0x0000000100000000)
  region size 1024K, 1 young (1024K), 1 survivors (1024K)
 Metaspace       used 152126K, capacity 157057K, committed 157180K, reserved 1185792K
  class space    used 18548K, capacity 20319K, committed 20352K, reserved 1048576K
}
Event: 7971.190 GC heap before
{Heap before GC invocations=296 (full 0):
 garbage-first heap   total 609280K, used 256222K [0x0000000080000000, 0x0000000100000000)
  region size 1024K, 42 young (43008K), 1 survivors (1024K)
 Metaspace       used 152171K, capacity 157121K, committed 157436K, reserved 1185792K
  class space    used 18548K, capacity 20319K, committed 20352K, reserved 1048576K
}
Event: 7971.200 GC heap after
{Heap after GC invocations=297 (full 0):
 garbage-first heap   total 609280K, used 213941K [0x0000000080000000, 0x0000000100000000)
  region size 1024K, 1 young (1024K), 1 survivors (1024K)
 Metaspace       used 152171K, capacity 157121K, committed 157436K, reserved 1185792K
  class space    used 18548K, capacity 20319K, committed 20352K, reserved 1048576K
}
Event: 7986.721 GC heap before
{Heap before GC invocations=297 (full 0):
 garbage-first heap   total 609280K, used 273333K [0x0000000080000000, 0x0000000100000000)
  region size 1024K, 60 young (61440K), 1 survivors (1024K)
 Metaspace       used 152325K, capacity 157316K, committed 157436K, reserved 1185792K
  class space    used 18548K, capacity 20319K, committed 20352K, reserved 1048576K
}
Event: 7986.791 GC heap after
{Heap after GC invocations=298 (full 0):
 garbage-first heap   total 609280K, used 217928K [0x0000000080000000, 0x0000000100000000)
  region size 1024K, 5 young (5120K), 5 survivors (5120K)
 Metaspace       used 152325K, capacity 157316K, committed 157436K, reserved 1185792K
  class space    used 18548K, capacity 20319K, committed 20352K, reserved 1048576K
}
Event: 7994.097 GC heap before
{Heap before GC invocations=298 (full 0):
 garbage-first heap   total 609280K, used 295752K [0x0000000080000000, 0x0000000100000000)
  region size 1024K, 65 young (66560K), 5 survivors (5120K)
 Metaspace       used 152350K, capacity 157316K, committed 157436K, reserved 1185792K
  class space    used 18548K, capacity 20319K, committed 20352K, reserved 1048576K
}
Event: 7995.716 GC heap after
{Heap after GC invocations=299 (full 0):
 garbage-first heap   total 609280K, used 244868K [0x0000000080000000, 0x0000000100000000)
  region size 1024K, 9 young (9216K), 9 survivors (9216K)
 Metaspace       used 152350K, capacity 157316K, committed 157436K, reserved 1185792K
  class space    used 18548K, capacity 20319K, committed 20352K, reserved 1048576K
}
Event: 7997.088 GC heap before
{Heap before GC invocations=299 (full 0):
 garbage-first heap   total 609280K, used 265348K [0x0000000080000000, 0x0000000100000000)
  region size 1024K, 29 young (29696K), 9 survivors (9216K)
 Metaspace       used 152351K, capacity 157316K, committed 157436K, reserved 1185792K
  class space    used 18548K, capacity 20319K, committed 20352K, reserved 1048576K
}
Event: 7997.945 GC heap after
{Heap after GC invocations=300 (full 0):
 garbage-first heap   total 609280K, used 256000K [0x0000000080000000, 0x0000000100000000)
  region size 1024K, 4 young (4096K), 4 survivors (4096K)
 Metaspace       used 152351K, capacity 157316K, committed 157436K, reserved 1185792K
  class space    used 18548K, capacity 20319K, committed 20352K, reserved 1048576K
}
Event: 7999.096 GC heap before
{Heap before GC invocations=300 (full 0):
 garbage-first heap   total 609280K, used 281600K [0x0000000080000000, 0x0000000100000000)
  region size 1024K, 29 young (29696K), 4 survivors (4096K)
 Metaspace       used 152352K, capacity 157316K, committed 157436K, reserved 1185792K
  class space    used 18548K, capacity 20319K, committed 20352K, reserved 1048576K
}
Event: 8000.161 GC heap after
{Heap after GC invocations=301 (full 0):
 garbage-first heap   total 609280K, used 268800K [0x0000000080000000, 0x0000000100000000)
  region size 1024K, 4 young (4096K), 4 survivors (4096K)
 Metaspace       used 152352K, capacity 157316K, committed 157436K, reserved 1185792K
  class space    used 18548K, capacity 20319K, committed 20352K, reserved 1048576K
}
Event: 8002.732 GC heap before
{Heap before GC invocations=301 (full 0):
 garbage-first heap   total 609280K, used 294400K [0x0000000080000000, 0x0000000100000000)
  region size 1024K, 29 young (29696K), 4 survivors (4096K)
 Metaspace       used 152355K, capacity 157316K, committed 157436K, reserved 1185792K
  class space    used 18548K, capacity 20319K, committed 20352K, reserved 1048576K
}
Event: 8003.163 GC heap after
{Heap after GC invocations=302 (full 0):
 garbage-first heap   total 609280K, used 272384K [0x0000000080000000, 0x0000000100000000)
  region size 1024K, 3 young (3072K), 3 survivors (3072K)
 Metaspace       used 152355K, capacity 157316K, committed 157436K, reserved 1185792K
  class space    used 18548K, capacity 20319K, committed 20352K, reserved 1048576K
}
Event: 8004.344 GC heap before
{Heap before GC invocations=302 (full 0):
 garbage-first heap   total 609280K, used 301056K [0x0000000080000000, 0x0000000100000000)
  region size 1024K, 29 young (29696K), 3 survivors (3072K)
 Metaspace       used 152356K, capacity 157316K, committed 157436K, reserved 1185792K
  class space    used 18548K, capacity 20319K, committed 20352K, reserved 1048576K
}

