# JRE version: OpenJDK Runtime Environment (11.0.10) (build 11.0.10+0-b96-7249189)
# Java VM: OpenJDK 64-Bit Server VM (11.0.10+0-b96-7249189, mixed mode, tiered, compressed oops, g1 gc, windows-amd64)
Heap:
 garbage-first heap   total 319488K, used 149977K [0x0000000080000000, 0x0000000100000000)
  region size 1024K, 19 young (19456K), 3 survivors (3072K)
 Metaspace       used 176487K, capacity 180960K, committed 181168K, reserved 1206272K
  class space    used 21759K, capacity 23440K, committed 23552K, reserved 1048576K
GC Heap History (20 events):
Event: 17886.197 GC heap before
{Heap before GC invocations=400 (full 0):
 garbage-first heap   total 319488K, used 140583K [0x0000000080000000, 0x0000000100000000)
  region size 1024K, 15 young (15360K), 2 survivors (2048K)
 Metaspace       used 176133K, capacity 180590K, committed 180912K, reserved 1206272K
  class space    used 21752K, capacity 23432K, committed 23552K, reserved 1048576K
}
Event: 17886.382 GC heap after
{Heap after GC invocations=401 (full 0):
 garbage-first heap   total 319488K, used 128771K [0x0000000080000000, 0x0000000100000000)
  region size 1024K, 2 young (2048K), 2 survivors (2048K)
 Metaspace       used 176133K, capacity 180590K, committed 180912K, reserved 1206272K
  class space    used 21752K, capacity 23432K, committed 23552K, reserved 1048576K
}
Event: 17901.789 GC heap before
{Heap before GC invocations=402 (full 0):
 garbage-first heap   total 319488K, used 143107K [0x0000000080000000, 0x0000000100000000)
  region size 1024K, 16 young (16384K), 2 survivors (2048K)
 Metaspace       used 176154K, capacity 180591K, committed 180912K, reserved 1206272K
  class space    used 21752K, capacity 23432K, committed 23552K, reserved 1048576K
}
Event: 17901.928 GC heap after
{Heap after GC invocations=403 (full 0):
 garbage-first heap   total 319488K, used 133109K [0x0000000080000000, 0x0000000100000000)
  region size 1024K, 2 young (2048K), 2 survivors (2048K)
 Metaspace       used 176154K, capacity 180591K, committed 180912K, reserved 1206272K
  class space    used 21752K, capacity 23432K, committed 23552K, reserved 1048576K
}
Event: 17907.711 GC heap before
{Heap before GC invocations=403 (full 0):
 garbage-first heap   total 319488K, used 145397K [0x0000000080000000, 0x0000000100000000)
  region size 1024K, 15 young (15360K), 2 survivors (2048K)
 Metaspace       used 176174K, capacity 180593K, committed 180912K, reserved 1206272K
  class space    used 21752K, capacity 23432K, committed 23552K, reserved 1048576K
}
Event: 17907.862 GC heap after
{Heap after GC invocations=404 (full 0):
 garbage-first heap   total 319488K, used 129024K [0x0000000080000000, 0x0000000100000000)
  region size 1024K, 2 young (2048K), 2 survivors (2048K)
 Metaspace       used 176174K, capacity 180593K, committed 180912K, reserved 1206272K
  class space    used 21752K, capacity 23432K, committed 23552K, reserved 1048576K
}
Event: 17911.879 GC heap before
{Heap before GC invocations=404 (full 0):
 garbage-first heap   total 319488K, used 144384K [0x0000000080000000, 0x0000000100000000)
  region size 1024K, 17 young (17408K), 2 survivors (2048K)
 Metaspace       used 176282K, capacity 180724K, committed 180912K, reserved 1206272K
  class space    used 21752K, capacity 23432K, committed 23552K, reserved 1048576K
}
Event: 17912.068 GC heap after
{Heap after GC invocations=405 (full 0):
 garbage-first heap   total 319488K, used 131816K [0x0000000080000000, 0x0000000100000000)
  region size 1024K, 3 young (3072K), 3 survivors (3072K)
 Metaspace       used 176282K, capacity 180724K, committed 180912K, reserved 1206272K
  class space    used 21752K, capacity 23432K, committed 23552K, reserved 1048576K
}
Event: 17920.220 GC heap before
{Heap before GC invocations=406 (full 0):
 garbage-first heap   total 319488K, used 145128K [0x0000000080000000, 0x0000000100000000)
  region size 1024K, 17 young (17408K), 3 survivors (3072K)
 Metaspace       used 176341K, capacity 180739K, committed 180912K, reserved 1206272K
  class space    used 21756K, capacity 23436K, committed 23552K, reserved 1048576K
}
Event: 17920.287 GC heap after
{Heap after GC invocations=407 (full 0):
 garbage-first heap   total 319488K, used 132458K [0x0000000080000000, 0x0000000100000000)
  region size 1024K, 1 young (1024K), 1 survivors (1024K)
 Metaspace       used 176341K, capacity 180739K, committed 180912K, reserved 1206272K
  class space    used 21756K, capacity 23436K, committed 23552K, reserved 1048576K
}
Event: 18148.370 GC heap before
{Heap before GC invocations=407 (full 0):
 garbage-first heap   total 319488K, used 152938K [0x0000000080000000, 0x0000000100000000)
  region size 1024K, 15 young (15360K), 1 survivors (1024K)
 Metaspace       used 176364K, capacity 180751K, committed 180912K, reserved 1206272K
  class space    used 21757K, capacity 23438K, committed 23552K, reserved 1048576K
}
Event: 18148.941 GC heap after
{Heap after GC invocations=408 (full 0):
 garbage-first heap   total 319488K, used 130334K [0x0000000080000000, 0x0000000100000000)
  region size 1024K, 2 young (2048K), 2 survivors (2048K)
 Metaspace       used 176364K, capacity 180751K, committed 180912K, reserved 1206272K
  class space    used 21757K, capacity 23438K, committed 23552K, reserved 1048576K
}
Event: 18155.363 GC heap before
{Heap before GC invocations=408 (full 0):
 garbage-first heap   total 319488K, used 143646K [0x0000000080000000, 0x0000000100000000)
  region size 1024K, 16 young (16384K), 2 survivors (2048K)
 Metaspace       used 176374K, capacity 180751K, committed 180912K, reserved 1206272K
  class space    used 21757K, capacity 23438K, committed 23552K, reserved 1048576K
}
Event: 18155.604 GC heap after
{Heap after GC invocations=409 (full 0):
 garbage-first heap   total 319488K, used 131544K [0x0000000080000000, 0x0000000100000000)
  region size 1024K, 2 young (2048K), 2 survivors (2048K)
 Metaspace       used 176374K, capacity 180751K, committed 180912K, reserved 1206272K
  class space    used 21757K, capacity 23438K, committed 23552K, reserved 1048576K
}
Event: 18168.041 GC heap before
{Heap before GC invocations=410 (full 0):
 garbage-first heap   total 319488K, used 148952K [0x0000000080000000, 0x0000000100000000)
  region size 1024K, 19 young (19456K), 2 survivors (2048K)
 Metaspace       used 176408K, capacity 180827K, committed 181168K, reserved 1206272K
  class space    used 21758K, capacity 23440K, committed 23552K, reserved 1048576K
}
Event: 18168.126 GC heap after
{Heap after GC invocations=411 (full 0):
 garbage-first heap   total 319488K, used 133871K [0x0000000080000000, 0x0000000100000000)
  region size 1024K, 3 young (3072K), 3 survivors (3072K)
 Metaspace       used 176408K, capacity 180827K, committed 181168K, reserved 1206272K
  class space    used 21758K, capacity 23440K, committed 23552K, reserved 1048576K
}
Event: 18182.466 GC heap before
{Heap before GC invocations=411 (full 0):
 garbage-first heap   total 319488K, used 148207K [0x0000000080000000, 0x0000000100000000)
  region size 1024K, 15 young (15360K), 3 survivors (3072K)
 Metaspace       used 176420K, capacity 180891K, committed 181168K, reserved 1206272K
  class space    used 21758K, capacity 23440K, committed 23552K, reserved 1048576K
}
Event: 18182.595 GC heap after
{Heap after GC invocations=412 (full 0):
 garbage-first heap   total 319488K, used 129691K [0x0000000080000000, 0x0000000100000000)
  region size 1024K, 2 young (2048K), 2 survivors (2048K)
 Metaspace       used 176420K, capacity 180891K, committed 181168K, reserved 1206272K
  class space    used 21758K, capacity 23440K, committed 23552K, reserved 1048576K
}
Event: 18226.815 GC heap before
{Heap before GC invocations=412 (full 0):
 garbage-first heap   total 319488K, used 148123K [0x0000000080000000, 0x0000000100000000)
  region size 1024K, 20 young (20480K), 2 survivors (2048K)
 Metaspace       used 176424K, capacity 180891K, committed 181168K, reserved 1206272K
  class space    used 21759K, capacity 23440K, committed 23552K, reserved 1048576K
}
Event: 18226.951 GC heap after
{Heap after GC invocations=413 (full 0):
 garbage-first heap   total 319488K, used 134617K [0x0000000080000000, 0x0000000100000000)
  region size 1024K, 3 young (3072K), 3 survivors (3072K)
 Metaspace       used 176424K, capacity 180891K, committed 181168K, reserved 1206272K
  class space    used 21759K, capacity 23440K, committed 23552K, reserved 1048576K
}

